This is pdfTeX, Version 3.14159265-2.6-1.40.21 (TeX Live 2020/Debian) (preloaded format=pdflatex 2020.6.9)  19 JUN 2020 16:38
entering extended mode
 restricted \write18 enabled.
 %&-line parsing enabled.
**202006-1STI2D-balistique_sportive.tex
(./202006-1STI2D-balistique_sportive.tex
LaTeX2e <2020-02-02> patch level 5
L3 programming layer <2020-05-15>
(/usr/share/texlive/texmf-dist/tex/latex/base/article.cls
Document Class: article 2019/12/20 v1.4l Standard LaTeX document class
(/usr/share/texlive/texmf-dist/tex/latex/base/size10.clo
File: size10.clo 2019/12/20 v1.4l Standard LaTeX file (size option)
)
\c@part=\count167
\c@section=\count168
\c@subsection=\count169
\c@subsubsection=\count170
\c@paragraph=\count171
\c@subparagraph=\count172
\c@figure=\count173
\c@table=\count174
\abovecaptionskip=\skip47
\belowcaptionskip=\skip48
\bibindent=\dimen134
)
(/usr/share/texlive/texmf-dist/tex/latex/graphics/graphicx.sty
Package: graphicx 2019/11/30 v1.2a Enhanced LaTeX Graphics (DPC,SPQR)

(/usr/share/texlive/texmf-dist/tex/latex/graphics/keyval.sty
Package: keyval 2014/10/28 v1.15 key=value parser (DPC)
\KV@toks@=\toks15
)
(/usr/share/texlive/texmf-dist/tex/latex/graphics/graphics.sty
Package: graphics 2019/11/30 v1.4a Standard LaTeX Graphics (DPC,SPQR)

(/usr/share/texlive/texmf-dist/tex/latex/graphics/trig.sty
Package: trig 2016/01/03 v1.10 sin cos tan (DPC)
)
(/usr/share/texlive/texmf-dist/tex/latex/graphics-cfg/graphics.cfg
File: graphics.cfg 2016/06/04 v1.11 sample graphics configuration
)
Package graphics Info: Driver file: pdftex.def on input line 105.

(/usr/share/texlive/texmf-dist/tex/latex/graphics-def/pdftex.def
File: pdftex.def 2018/01/08 v1.0l Graphics/color driver for pdftex
))
\Gin@req@height=\dimen135
\Gin@req@width=\dimen136
)
(/usr/share/texlive/texmf-dist/tex/latex/xcolor/xcolor.sty
Package: xcolor 2016/05/11 v2.12 LaTeX color extensions (UK)

(/usr/share/texlive/texmf-dist/tex/latex/graphics-cfg/color.cfg
File: color.cfg 2016/01/02 v1.6 sample color configuration
)
Package xcolor Info: Driver file: pdftex.def on input line 225.
Package xcolor Info: Model `cmy' substituted by `cmy0' on input line 1348.
Package xcolor Info: Model `hsb' substituted by `rgb' on input line 1352.
Package xcolor Info: Model `RGB' extended on input line 1364.
Package xcolor Info: Model `HTML' substituted by `rgb' on input line 1366.
Package xcolor Info: Model `Hsb' substituted by `hsb' on input line 1367.
Package xcolor Info: Model `tHsb' substituted by `hsb' on input line 1368.
Package xcolor Info: Model `HSB' substituted by `hsb' on input line 1369.
Package xcolor Info: Model `Gray' substituted by `gray' on input line 1370.
Package xcolor Info: Model `wave' substituted by `hsb' on input line 1371.
)
(/home/hern42/texmf/tex/latex/comment/comment.sty
\CommentStream=\write3
 Excluding comment 'comment')
(/usr/share/texlive/texmf-dist/tex/latex/base/inputenc.sty
Package: inputenc 2018/08/11 v1.3c Input encoding file
\inpenc@prehook=\toks16
\inpenc@posthook=\toks17
)
(/usr/share/texlive/texmf-dist/tex/latex/base/fontenc.sty
Package: fontenc 2020/02/11 v2.0o Standard LaTeX package
)
(/usr/share/texlive/texmf-dist/tex/generic/babel/babel.sty
Package: babel 2020/05/13 3.44 The Babel package

(/usr/share/texlive/texmf-dist/tex/generic/babel/babel.def
File: babel.def 2020/05/13 3.44 Babel common definitions
\babel@savecnt=\count175
\U@D=\dimen137
\l@babelnohyphens=\language5

(/usr/share/texlive/texmf-dist/tex/generic/babel/txtbabel.def)
\bbl@readstream=\read2
)
\bbl@dirlevel=\count176

(/usr/share/texlive/texmf-dist/tex/generic/babel-french/french.ldf
Language: french 2020/04/18 v3.5h French support from the babel system
Package babel Info: \l@acadian = using hyphenrules for french
(babel)             (\language3) on input line 91.
Package babel Info: \l@canadien = using hyphenrules for french
(babel)             (\language3) on input line 92.
\FB@nonchar=\count177
Package babel Info: Making : an active character on input line 421.
Package babel Info: Making ; an active character on input line 422.
Package babel Info: Making ! an active character on input line 423.
Package babel Info: Making ? an active character on input line 424.
\FBguill@level=\count178
\FBold@everypar=\toks18
\FB@Mht=\dimen138
\mc@charclass=\count179
\mc@charfam=\count180
\mc@charslot=\count181
\std@mcc=\count182
\dec@mcc=\count183
\c@FBcaption@count=\count184
\listindentFB=\dimen139
\descindentFB=\dimen140
\labelindentFB=\dimen141
\labelwidthFB=\dimen142
\leftmarginFB=\dimen143
\parindentFFN=\dimen144
\FBfnindent=\dimen145
))
(/usr/share/texlive/texmf-dist/tex/latex/carlisle/scalefnt.sty)
(/usr/share/texlive/texmf-dist/tex/latex/hyperref/hyperref.sty
Package: hyperref 2020-05-15 v7.00e Hypertext links for LaTeX

(/usr/share/texlive/texmf-dist/tex/generic/ltxcmds/ltxcmds.sty
Package: ltxcmds 2019/12/15 v1.24 LaTeX kernel commands for general use (HO)
)
(/usr/share/texlive/texmf-dist/tex/generic/iftex/iftex.sty
Package: iftex 2020/03/06 v1.0d TeX engine tests
)
(/usr/share/texlive/texmf-dist/tex/latex/pdftexcmds/pdftexcmds.sty
Package: pdftexcmds 2019/11/24 v0.31 Utility functions of pdfTeX for LuaTeX (HO
)

(/usr/share/texlive/texmf-dist/tex/generic/infwarerr/infwarerr.sty
Package: infwarerr 2019/12/03 v1.5 Providing info/warning/error messages (HO)
)
Package pdftexcmds Info: \pdf@primitive is available.
Package pdftexcmds Info: \pdf@ifprimitive is available.
Package pdftexcmds Info: \pdfdraftmode found.
)
(/usr/share/texlive/texmf-dist/tex/generic/kvsetkeys/kvsetkeys.sty
Package: kvsetkeys 2019/12/15 v1.18 Key value parser (HO)
)
(/usr/share/texlive/texmf-dist/tex/generic/kvdefinekeys/kvdefinekeys.sty
Package: kvdefinekeys 2019-12-19 v1.6 Define keys (HO)
)
(/usr/share/texlive/texmf-dist/tex/generic/pdfescape/pdfescape.sty
Package: pdfescape 2019/12/09 v1.15 Implements pdfTeX's escape features (HO)
)
(/usr/share/texlive/texmf-dist/tex/latex/hycolor/hycolor.sty
Package: hycolor 2020-01-27 v1.10 Color options for hyperref/bookmark (HO)
)
(/usr/share/texlive/texmf-dist/tex/latex/letltxmacro/letltxmacro.sty
Package: letltxmacro 2019/12/03 v1.6 Let assignment for LaTeX macros (HO)
)
(/usr/share/texlive/texmf-dist/tex/latex/auxhook/auxhook.sty
Package: auxhook 2019-12-17 v1.6 Hooks for auxiliary files (HO)
)
(/usr/share/texlive/texmf-dist/tex/latex/kvoptions/kvoptions.sty
Package: kvoptions 2019/11/29 v3.13 Key value format for package options (HO)
)
\@linkdim=\dimen146
\Hy@linkcounter=\count185
\Hy@pagecounter=\count186

(/usr/share/texlive/texmf-dist/tex/latex/hyperref/pd1enc.def
File: pd1enc.def 2020-05-15 v7.00e Hyperref: PDFDocEncoding definition (HO)
Now handling font encoding PD1 ...
... no UTF-8 mapping file for font encoding PD1
)
(/usr/share/texlive/texmf-dist/tex/generic/intcalc/intcalc.sty
Package: intcalc 2019/12/15 v1.3 Expandable calculations with integers (HO)
)
(/usr/share/texlive/texmf-dist/tex/generic/etexcmds/etexcmds.sty
Package: etexcmds 2019/12/15 v1.7 Avoid name clashes with e-TeX commands (HO)
)
\Hy@SavedSpaceFactor=\count187
Package hyperref Info: Hyper figures OFF on input line 4464.
Package hyperref Info: Link nesting OFF on input line 4469.
Package hyperref Info: Hyper index ON on input line 4472.
Package hyperref Info: Plain pages OFF on input line 4479.
Package hyperref Info: Backreferencing OFF on input line 4484.
Package hyperref Info: Implicit mode ON; LaTeX internals redefined.
Package hyperref Info: Bookmarks ON on input line 4717.
\c@Hy@tempcnt=\count188

(/usr/share/texlive/texmf-dist/tex/latex/url/url.sty
\Urlmuskip=\muskip16
Package: url 2013/09/16  ver 3.4  Verb mode for urls, etc.
)
LaTeX Info: Redefining \url on input line 5076.
\XeTeXLinkMargin=\dimen147

(/usr/share/texlive/texmf-dist/tex/generic/bitset/bitset.sty
Package: bitset 2019/12/09 v1.3 Handle bit-vector datatype (HO)

(/usr/share/texlive/texmf-dist/tex/generic/bigintcalc/bigintcalc.sty
Package: bigintcalc 2019/12/15 v1.5 Expandable calculations on big integers (HO
)
))
\Fld@menulength=\count189
\Field@Width=\dimen148
\Fld@charsize=\dimen149
Package hyperref Info: Hyper figures OFF on input line 6347.
Package hyperref Info: Link nesting OFF on input line 6352.
Package hyperref Info: Hyper index ON on input line 6355.
Package hyperref Info: backreferencing OFF on input line 6362.
Package hyperref Info: Link coloring OFF on input line 6367.
Package hyperref Info: Link coloring with OCG OFF on input line 6372.
Package hyperref Info: PDF/A mode OFF on input line 6377.
LaTeX Info: Redefining \ref on input line 6417.
LaTeX Info: Redefining \pageref on input line 6421.

(/usr/share/texlive/texmf-dist/tex/generic/atbegshi/atbegshi.sty
Package: atbegshi 2019/12/05 v1.19 At begin shipout hook (HO)
)
\Hy@abspage=\count190
\c@Item=\count191
\c@Hfootnote=\count192
)
Package hyperref Info: Driver (autodetected): hpdftex.

(/usr/share/texlive/texmf-dist/tex/latex/hyperref/hpdftex.def
File: hpdftex.def 2020-05-15 v7.00e Hyperref driver for pdfTeX

(/usr/share/texlive/texmf-dist/tex/latex/atveryend/atveryend.sty
Package: atveryend 2019-12-11 v1.11 Hooks at the very end of document (HO)
Package atveryend Info: \enddocument detected (standard20110627).
)
\Fld@listcount=\count193
\c@bookmark@seq@number=\count194

(/usr/share/texlive/texmf-dist/tex/latex/rerunfilecheck/rerunfilecheck.sty
Package: rerunfilecheck 2019/12/05 v1.9 Rerun checks for auxiliary files (HO)

(/usr/share/texlive/texmf-dist/tex/generic/uniquecounter/uniquecounter.sty
Package: uniquecounter 2019/12/15 v1.4 Provide unlimited unique counter (HO)
)
Package uniquecounter Info: New unique counter `rerunfilecheck' on input line 2
86.
)
\Hy@SectionHShift=\skip49
)
Package hyperref Info: Option `colorlinks' set `true' on input line 16.

(/usr/share/texlive/texmf-dist/tex/latex/fancyhdr/fancyhdr.sty
Package: fancyhdr 2019/01/31 v3.10 Extensive control of page headers and footer
s
\f@nch@headwidth=\skip50
\f@nch@O@elh=\skip51
\f@nch@O@erh=\skip52
\f@nch@O@olh=\skip53
\f@nch@O@orh=\skip54
\f@nch@O@elf=\skip55
\f@nch@O@erf=\skip56
\f@nch@O@olf=\skip57
\f@nch@O@orf=\skip58
)
(/usr/share/texlive/texmf-dist/tex/latex/listings/listings.sty
\lst@mode=\count195
\lst@gtempboxa=\box45
\lst@token=\toks19
\lst@length=\count196
\lst@currlwidth=\dimen150
\lst@column=\count197
\lst@pos=\count198
\lst@lostspace=\dimen151
\lst@width=\dimen152
\lst@newlines=\count199
\lst@lineno=\count266
\lst@maxwidth=\dimen153

(/usr/share/texlive/texmf-dist/tex/latex/listings/lstmisc.sty
File: lstmisc.sty 2020/03/24 1.8d (Carsten Heinz)
\c@lstnumber=\count267
\lst@skipnumbers=\count268
\lst@framebox=\box46
)
(/usr/share/texlive/texmf-dist/tex/latex/listings/listings.cfg
File: listings.cfg 2020/03/24 1.8d listings configuration
))
Package: listings 2020/03/24 1.8d (Carsten Heinz)

Include comment 'reponse'
(/usr/share/texlive/texmf-dist/tex/latex/l3backend/l3backend-pdfmode.def
File: l3backend-pdfmode.def 2020-05-05 L3 backend support: PDF mode
\l__kernel_color_stack_int=\count269
\l__pdf_internal_box=\box47
)
(./202006-1STI2D-balistique_sportive.aux)
\openout1 = `202006-1STI2D-balistique_sportive.aux'.

LaTeX Font Info:    Checking defaults for OML/cmm/m/it on input line 60.
LaTeX Font Info:    ... okay on input line 60.
LaTeX Font Info:    Checking defaults for OMS/cmsy/m/n on input line 60.
LaTeX Font Info:    ... okay on input line 60.
LaTeX Font Info:    Checking defaults for OT1/cmr/m/n on input line 60.
LaTeX Font Info:    ... okay on input line 60.
LaTeX Font Info:    Checking defaults for T1/cmr/m/n on input line 60.
LaTeX Font Info:    ... okay on input line 60.
LaTeX Font Info:    Checking defaults for TS1/cmr/m/n on input line 60.
LaTeX Font Info:    ... okay on input line 60.
LaTeX Font Info:    Checking defaults for OMX/cmex/m/n on input line 60.
LaTeX Font Info:    ... okay on input line 60.
LaTeX Font Info:    Checking defaults for U/cmr/m/n on input line 60.
LaTeX Font Info:    ... okay on input line 60.
LaTeX Font Info:    Checking defaults for PD1/pdf/m/n on input line 60.
LaTeX Font Info:    ... okay on input line 60.

(/usr/share/texlive/texmf-dist/tex/context/base/mkii/supp-pdf.mkii
[Loading MPS to PDF converter (version 2006.09.02).]
\scratchcounter=\count270
\scratchdimen=\dimen154
\scratchbox=\box48
\nofMPsegments=\count271
\nofMParguments=\count272
\everyMPshowfont=\toks20
\MPscratchCnt=\count273
\MPscratchDim=\dimen155
\MPnumerator=\count274
\makeMPintoPDFobject=\count275
\everyMPtoPDFconversion=\toks21
) (/usr/share/texlive/texmf-dist/tex/latex/epstopdf-pkg/epstopdf-base.sty
Package: epstopdf-base 2020-01-24 v2.11 Base part for package epstopdf
Package epstopdf-base Info: Redefining graphics rule for `.eps' on input line 4
85.

(/usr/share/texlive/texmf-dist/tex/latex/latexconfig/epstopdf-sys.cfg
File: epstopdf-sys.cfg 2010/07/13 v1.3 Configuration of (r)epstopdf for TeX Liv
e
))
LaTeX Info: Redefining \degres on input line 60.
LaTeX Info: Redefining \dots on input line 60.
LaTeX Info: Redefining \up on input line 60.
\AtBeginShipoutBox=\box49
Package hyperref Info: Link coloring ON on input line 60.

(/usr/share/texlive/texmf-dist/tex/latex/hyperref/nameref.sty
Package: nameref 2019/09/16 v2.46 Cross-referencing by name of section

(/usr/share/texlive/texmf-dist/tex/latex/refcount/refcount.sty
Package: refcount 2019/12/15 v3.6 Data extraction from label references (HO)
)
(/usr/share/texlive/texmf-dist/tex/generic/gettitlestring/gettitlestring.sty
Package: gettitlestring 2019/12/15 v1.6 Cleanup title references (HO)
)
\c@section@level=\count276
)
LaTeX Info: Redefining \ref on input line 60.
LaTeX Info: Redefining \pageref on input line 60.
LaTeX Info: Redefining \nameref on input line 60.

(./202006-1STI2D-balistique_sportive.out)
(./202006-1STI2D-balistique_sportive.out)
\@outlinefile=\write4
\openout4 = `202006-1STI2D-balistique_sportive.out'.

\c@lstlisting=\count277

Underfull \hbox (badness 10000) in paragraph at lines 71--72

 []

Including 'reponse' comment.
\openout3 = `comment.cut'.

 Straight input of comment.cut. (./comment.cut)
Including 'reponse' comment.
\openout3 = `comment.cut'.

 Straight input of comment.cut. (./comment.cut
LaTeX Font Info:    External font `cmex10' loaded for size
(Font)              <7> on input line 2.
LaTeX Font Info:    External font `cmex10' loaded for size
(Font)              <5> on input line 2.
)
Including 'reponse' comment.
\openout3 = `comment.cut'.

 Straight input of comment.cut. (./comment.cut

LaTeX Warning: Command \' invalid in math mode on input line 3.


LaTeX Warning: Command \' invalid in math mode on input line 3.

Missing character: There is no é in font cmr7!
Missing character: There is no é in font cmr7!
) Including 'reponse' comment.
\openout3 = `comment.cut'.

 Straight input of comment.cut. (./comment.cut)
Including 'reponse' comment.
\openout3 = `comment.cut'.

 Straight input of comment.cut. (./comment.cut)
Underfull \hbox (badness 10000) in paragraph at lines 104--105

 []

[1{/var/lib/texmf/fonts/map/pdftex/updmap/pdftex.map}

]
Including 'reponse' comment.
\openout3 = `comment.cut'.

 Straight input of comment.cut. (./comment.cut)
Including 'reponse' comment.
\openout3 = `comment.cut'.

 Straight input of comment.cut. (./comment.cut)
Including 'reponse' comment.
\openout3 = `comment.cut'.

 Straight input of comment.cut. (./comment.cut)
Including 'reponse' comment.
\openout3 = `comment.cut'.

 Straight input of comment.cut. (./comment.cut
Underfull \hbox (badness 10000) in paragraph at lines 140--8

 []

[2]
Underfull \hbox (badness 10000) in paragraph at lines 8--8

 []

) Including 'reponse' comment.
\openout3 = `comment.cut'.

 Straight input of comment.cut. (./comment.cut)
Including 'reponse' comment.
\openout3 = `comment.cut'.

 Straight input of comment.cut. (./comment.cut)
Including 'reponse' comment.
\openout3 = `comment.cut'.

 Straight input of comment.cut. (./comment.cut)
Including 'reponse' comment.
\openout3 = `comment.cut'.

 Straight input of comment.cut. (./comment.cut
Underfull \hbox (badness 10000) in paragraph at lines 167--8

 []


Underfull \hbox (badness 10000) in paragraph at lines 8--8

 []

) [3] Including 'reponse' comment.
\openout3 = `comment.cut'.

 Straight input of comment.cut.
(./comment.cut) Including 'reponse' comment.
\openout3 = `comment.cut'.

 Straight input of comment.cut.
(./comment.cut) Including 'reponse' comment.
\openout3 = `comment.cut'.

 Straight input of comment.cut.
(./comment.cut) Including 'reponse' comment.
\openout3 = `comment.cut'.

 Straight input of comment.cut.
(./comment.cut
Underfull \hbox (badness 10000) in paragraph at lines 202--5

 []


Underfull \hbox (badness 10000) in paragraph at lines 5--5

 []

) [4] Including 'reponse' comment.
\openout3 = `comment.cut'.

 Straight input of comment.cut.
(./comment.cut
Overfull \hbox (15.93861pt too wide) detected at line 4
[] \OT1/cmr/m/n/10 = []
 []

) Including 'reponse' comment.
\openout3 = `comment.cut'.

 Straight input of comment.cut. (./comment.cut)
Including 'reponse' comment.
\openout3 = `comment.cut'.

 Straight input of comment.cut. (./comment.cut
(/usr/share/texlive/texmf-dist/tex/latex/listings/lstlang1.sty
File: lstlang1.sty 2020/03/24 1.8d listings language file
)
LaTeX Font Info:    Trying to load font information for T1+cmtt on input line 2
.

(/usr/share/texlive/texmf-dist/tex/latex/base/t1cmtt.fd
File: t1cmtt.fd 2019/12/16 v2.5j Standard LaTeX font definitions
) [5])
Including 'reponse' comment.
\openout3 = `comment.cut'.

 Straight input of comment.cut. (./comment.cut)
Including 'reponse' comment.
\openout3 = `comment.cut'.

 Straight input of comment.cut. (./comment.cut
<courbe_trajectoire.png, id=94, 607.26875pt x 341.275pt>
File: courbe_trajectoire.png Graphic file (type png)
<use courbe_trajectoire.png>
Package pdftex.def Info: courbe_trajectoire.png  used on input line 3.
(pdftex.def)             Requested size: 276.00105pt x 155.1085pt.
<courbe_alpha.png, id=96, 606.265pt x 341.275pt>
File: courbe_alpha.png Graphic file (type png)
<use courbe_alpha.png>
Package pdftex.def Info: courbe_alpha.png  used on input line 8.
(pdftex.def)             Requested size: 276.00105pt x 155.36368pt.


LaTeX Warning: `h' float specifier changed to `ht'.

<courbe_trajectoires_alpha.png, id=97, 774.895pt x 650.43pt>
File: courbe_trajectoires_alpha.png Graphic file (type png)
<use courbe_trajectoires_alpha.png>
Package pdftex.def Info: courbe_trajectoires_alpha.png  used on input line 13.
(pdftex.def)             Requested size: 276.00105pt x 231.67343pt.

LaTeX Warning: `h' float specifier changed to `ht'.

<courbe_V0@0.png, id=98, 607.26875pt x 341.275pt>
File: courbe_V0@0.png Graphic file (type png)
<use courbe_V0@0.png>
Package pdftex.def Info: courbe_V0@0.png  used on input line 18.
(pdftex.def)             Requested size: 276.00105pt x 155.1085pt.

LaTeX Warning: `h' float specifier changed to `ht'.

<courbe_V0@2.png, id=99, 607.26875pt x 341.275pt>
File: courbe_V0@2.png Graphic file (type png)
<use courbe_V0@2.png>
Package pdftex.def Info: courbe_V0@2.png  used on input line 23.
(pdftex.def)             Requested size: 276.00105pt x 155.1085pt.

LaTeX Warning: `h' float specifier changed to `ht'.

)
Package atveryend Info: Empty hook `BeforeClearDocument' on input line 306.
 [6 <./courbe_trajectoire.png>] [7 <./courbe_alpha.png> <./courbe_trajectoires_
alpha.png>] [8 <./courbe_V0@0.png> <./courbe_V0@2.png>]
Package atveryend Info: Empty hook `AfterLastShipout' on input line 306.

(./202006-1STI2D-balistique_sportive.aux)
Package atveryend Info: Executing hook `AtVeryEndDocument' on input line 306.
Package atveryend Info: Executing hook `AtEndAfterFileList' on input line 306.
Package rerunfilecheck Info: File `202006-1STI2D-balistique_sportive.out' has n
ot changed.
(rerunfilecheck)             Checksum: 343B7CC17220DC7057FB77AE98A3CD0B;468.
Package atveryend Info: Empty hook `AtVeryVeryEnd' on input line 306.
 ) 
Here is how much of TeX's memory you used:
 9362 strings out of 482395
 135976 string characters out of 5946921
 660809 words of memory out of 5000000
 24902 multiletter control sequences out of 15000+600000
 539262 words of font info for 35 fonts, out of 8000000 for 9000
 14 hyphenation exceptions out of 8191
 34i,12n,45p,640b,2182s stack positions out of 5000i,500n,10000p,200000b,80000s
 </home/hern42/.texlive2020/texmf-var/fonts/pk/ljfour/jknappen/ec/eccc1000.60
0pk> </home/hern42/.texlive2020/texmf-var/fonts/pk/ljfour/jknappen/ec/ectt0800.
600pk> </home/hern42/.texlive2020/texmf-var/fonts/pk/ljfour/jknappen/ec/ecrm050
0.600pk> </home/hern42/.texlive2020/texmf-var/fonts/pk/ljfour/jknappen/ec/ecti1
000.600pk> </home/hern42/.texlive2020/texmf-var/fonts/pk/ljfour/jknappen/ec/tcr
m1000.600pk> </home/hern42/.texlive2020/texmf-var/fonts/pk/ljfour/jknappen/ec/e
crm0700.600pk> </home/hern42/.texlive2020/texmf-var/fonts/pk/ljfour/jknappen/ec
/ecbx1440.600pk> </home/hern42/.texlive2020/texmf-var/fonts/pk/ljfour/jknappen/
ec/ecrm1000.600pk></usr/share/texlive/texmf-dist/fonts/type1/public/amsfonts/cm
/cmex10.pfb></usr/share/texlive/texmf-dist/fonts/type1/public/amsfonts/cm/cmmi1
0.pfb></usr/share/texlive/texmf-dist/fonts/type1/public/amsfonts/cm/cmmi7.pfb><
/usr/share/texlive/texmf-dist/fonts/type1/public/amsfonts/cm/cmr10.pfb></usr/sh
are/texlive/texmf-dist/fonts/type1/public/amsfonts/cm/cmr7.pfb></usr/share/texl
ive/texmf-dist/fonts/type1/public/amsfonts/cm/cmsy10.pfb></usr/share/texlive/te
xmf-dist/fonts/type1/public/amsfonts/cm/cmsy7.pfb>
Output written on 202006-1STI2D-balistique_sportive.pdf (8 pages, 297861 bytes)
.
PDF statistics:
 411 PDF objects out of 1000 (max. 8388607)
 177 compressed objects within 2 object streams
 67 named destinations out of 1000 (max. 500000)
 74 words of extra memory for PDF output out of 10000 (max. 10000000)

